2010-07-08 17:35:24,274 [5] INFO  WIT.Common.AutomaticMailerLog Starting the automatic mailer...
2010-07-08 17:35:24,743 [5] INFO  WIT.Common.AutomaticMailerLog Schedulable mailers loaded: 1
2010-07-08 17:35:24,759 [5] INFO  WIT.Common.AutomaticMailerLog Running the WWC-ExpiredSubscriptions mailer
2010-07-08 17:36:28,618 [5] INFO  WIT.Common.AutomaticMailerLog Starting the automatic mailer...
2010-07-08 17:36:28,743 [5] INFO  WIT.Common.AutomaticMailerLog Schedulable mailers loaded: 1
2010-07-08 17:36:28,759 [5] INFO  WIT.Common.AutomaticMailerLog Running the WWC-ExpiredSubscriptions mailer
2010-07-08 17:37:30,509 [5] INFO  WIT.Common.AutomaticMailerLog Starting the automatic mailer...
2010-07-08 17:37:30,665 [5] INFO  WIT.Common.AutomaticMailerLog Schedulable mailers loaded: 1
2010-07-08 17:37:30,665 [5] INFO  WIT.Common.AutomaticMailerLog Running the WWC-ExpiredSubscriptions mailer
2010-07-08 17:40:39,962 [5] INFO  WIT.Common.AutomaticMailerLog Starting the automatic mailer...
2010-07-08 17:40:40,196 [5] INFO  WIT.Common.AutomaticMailerLog Schedulable mailers loaded: 1
2010-07-08 17:40:40,212 [5] INFO  WIT.Common.AutomaticMailerLog Running the WWC-ExpiredSubscriptions mailer
2010-07-08 17:41:42,665 [5] INFO  WIT.Common.AutomaticMailerLog Starting the automatic mailer...
2010-07-08 17:41:42,868 [5] INFO  WIT.Common.AutomaticMailerLog Schedulable mailers loaded: 1
2010-07-08 17:41:42,884 [5] INFO  WIT.Common.AutomaticMailerLog Running the WWC-ExpiredSubscriptions mailer
2010-07-12 16:41:08,802 [5] INFO  WIT.Common.AutomaticMailerLog Starting the automatic mailer...
2010-07-12 16:41:08,958 [5] INFO  WIT.Common.AutomaticMailerLog Schedulable mailers loaded: 1
2010-07-12 16:41:09,005 [5] INFO  WIT.Common.AutomaticMailerLog Running the WWC-ExpiredSubscriptions mailer
2010-07-12 16:41:19,739 [5] INFO  WIT.Common.AutomaticMailerLog Trying to send 10 mails
2010-07-12 16:41:19,895 [4] INFO  WIT.Common.AutomaticMailerLog Trying to send mail 
To: hnobile+notificationreciever@wormholeit.com From: WormholeWebConference@wormholeit.com Host: 192.168.1.8
2010-07-12 16:41:20,724 [9] INFO  WIT.Common.AutomaticMailerLog Trying to send mail 
To: hnobile+1@wormholeit.com From: WormholeWebConference@wormholeit.com Host: 192.168.1.8
2010-07-12 16:41:21,224 [10] INFO  WIT.Common.AutomaticMailerLog Trying to send mail 
To: hnobile+notificationreciever@wormholeit.com From: WormholeWebConference@wormholeit.com Host: 192.168.1.8
2010-07-12 16:41:21,724 [11] INFO  WIT.Common.AutomaticMailerLog Trying to send mail 
To: hnobile+2@wormholeit.com From: WormholeWebConference@wormholeit.com Host: 192.168.1.8
2010-07-12 16:41:22,270 [12] INFO  WIT.Common.AutomaticMailerLog Trying to send mail 
To: hnobile+notificationreciever@wormholeit.com From: WormholeWebConference@wormholeit.com Host: 192.168.1.8
2010-07-12 16:41:22,739 [13] INFO  WIT.Common.AutomaticMailerLog Trying to send mail 
To: hnobile+3@wormholeit.com From: WormholeWebConference@wormholeit.com Host: 192.168.1.8
2010-07-12 16:41:23,286 [14] INFO  WIT.Common.AutomaticMailerLog Trying to send mail 
To: hnobile+notificationreciever@wormholeit.com From: WormholeWebConference@wormholeit.com Host: 192.168.1.8
2010-07-12 16:41:23,770 [15] INFO  WIT.Common.AutomaticMailerLog Trying to send mail 
To: hnobile+4@wormholeit.com From: WormholeWebConference@wormholeit.com Host: 192.168.1.8
2010-07-12 16:41:24,302 [16] INFO  WIT.Common.AutomaticMailerLog Trying to send mail 
To: hnobile+notificationreciever@wormholeit.com From: WormholeWebConference@wormholeit.com Host: 192.168.1.8
2010-07-12 16:41:25,317 [17] INFO  WIT.Common.AutomaticMailerLog Trying to send mail 
To: hnobile+5@wormholeit.com From: WormholeWebConference@wormholeit.com Host: 192.168.1.8
2010-07-12 16:41:41,458 [4] ERROR WIT.Common.AutomaticMailerLog N°: 27500
	Message: Error sending mail: Could not send SMTP message
	Exception: Could not send SMTP message
	Stack Trace:    at WIT.Common.Mailer.SMTPMailService.Send(String subject, String body, String toAddress, String fromAddress, String fromName, String[] attachments, SMTPConnectionInfo info)
   at WIT.Common.AutomaticMailer.AutomaticMailSender.<>c__DisplayClass3.<QueueMail>b__2(Object ) in P:\WIT-Commons\WitCommon\WIT.Common.AutomaticMailer\src\WIT.Common.AutomaticMailer\AutomaticMailSender.cs:line 72
2010-07-12 16:41:41,724 [9] ERROR WIT.Common.AutomaticMailerLog N°: 40000
	Message: Error sending mail: Could not send SMTP message
	Exception: Could not send SMTP message
	Stack Trace:    at WIT.Common.Mailer.SMTPMailService.Send(String subject, String body, String toAddress, String fromAddress, String fromName, String[] attachments, SMTPConnectionInfo info)
   at WIT.Common.AutomaticMailer.AutomaticMailSender.<>c__DisplayClass3.<QueueMail>b__2(Object ) in P:\WIT-Commons\WitCommon\WIT.Common.AutomaticMailer\src\WIT.Common.AutomaticMailer\AutomaticMailSender.cs:line 72
2010-07-12 16:42:02,442 [10] ERROR WIT.Common.AutomaticMailerLog N°: 27500
	Message: Error sending mail: Could not send SMTP message
	Exception: Could not send SMTP message
	Stack Trace:    at WIT.Common.Mailer.SMTPMailService.Send(String subject, String body, String toAddress, String fromAddress, String fromName, String[] attachments, SMTPConnectionInfo info)
   at WIT.Common.AutomaticMailer.AutomaticMailSender.<>c__DisplayClass3.<QueueMail>b__2(Object ) in P:\WIT-Commons\WitCommon\WIT.Common.AutomaticMailer\src\WIT.Common.AutomaticMailer\AutomaticMailSender.cs:line 72
2010-07-12 16:42:02,755 [11] ERROR WIT.Common.AutomaticMailerLog N°: 52500
	Message: Error sending mail: Could not send SMTP message
	Exception: Could not send SMTP message
	Stack Trace:    at WIT.Common.Mailer.SMTPMailService.Send(String subject, String body, String toAddress, String fromAddress, String fromName, String[] attachments, SMTPConnectionInfo info)
   at WIT.Common.AutomaticMailer.AutomaticMailSender.<>c__DisplayClass3.<QueueMail>b__2(Object ) in P:\WIT-Commons\WitCommon\WIT.Common.AutomaticMailer\src\WIT.Common.AutomaticMailer\AutomaticMailSender.cs:line 72
2010-07-12 16:42:23,364 [12] ERROR WIT.Common.AutomaticMailerLog N°: 46250
	Message: Error sending mail: Could not send SMTP message
	Exception: Could not send SMTP message
	Stack Trace:    at WIT.Common.Mailer.SMTPMailService.Send(String subject, String body, String toAddress, String fromAddress, String fromName, String[] attachments, SMTPConnectionInfo info)
   at WIT.Common.AutomaticMailer.AutomaticMailSender.<>c__DisplayClass3.<QueueMail>b__2(Object ) in P:\WIT-Commons\WitCommon\WIT.Common.AutomaticMailer\src\WIT.Common.AutomaticMailer\AutomaticMailSender.cs:line 72
2010-07-12 16:42:23,677 [13] ERROR WIT.Common.AutomaticMailerLog N°: 71250
	Message: Error sending mail: Could not send SMTP message
	Exception: Could not send SMTP message
	Stack Trace:    at WIT.Common.Mailer.SMTPMailService.Send(String subject, String body, String toAddress, String fromAddress, String fromName, String[] attachments, SMTPConnectionInfo info)
   at WIT.Common.AutomaticMailer.AutomaticMailSender.<>c__DisplayClass3.<QueueMail>b__2(Object ) in P:\WIT-Commons\WitCommon\WIT.Common.AutomaticMailer\src\WIT.Common.AutomaticMailer\AutomaticMailSender.cs:line 72
2010-07-12 16:42:44,395 [14] ERROR WIT.Common.AutomaticMailerLog N°: 58750
	Message: Error sending mail: Could not send SMTP message
	Exception: Could not send SMTP message
	Stack Trace:    at WIT.Common.Mailer.SMTPMailService.Send(String subject, String body, String toAddress, String fromAddress, String fromName, String[] attachments, SMTPConnectionInfo info)
   at WIT.Common.AutomaticMailer.AutomaticMailSender.<>c__DisplayClass3.<QueueMail>b__2(Object ) in P:\WIT-Commons\WitCommon\WIT.Common.AutomaticMailer\src\WIT.Common.AutomaticMailer\AutomaticMailSender.cs:line 72
2010-07-12 16:42:44,692 [15] ERROR WIT.Common.AutomaticMailerLog N°: 27500
	Message: Error sending mail: Could not send SMTP message
	Exception: Could not send SMTP message
	Stack Trace:    at WIT.Common.Mailer.SMTPMailService.Send(String subject, String body, String toAddress, String fromAddress, String fromName, String[] attachments, SMTPConnectionInfo info)
   at WIT.Common.AutomaticMailer.AutomaticMailSender.<>c__DisplayClass3.<QueueMail>b__2(Object ) in P:\WIT-Commons\WitCommon\WIT.Common.AutomaticMailer\src\WIT.Common.AutomaticMailer\AutomaticMailSender.cs:line 72
2010-07-12 16:43:05,458 [16] ERROR WIT.Common.AutomaticMailerLog N°: 83750
	Message: Error sending mail: Could not send SMTP message
	Exception: Could not send SMTP message
	Stack Trace:    at WIT.Common.Mailer.SMTPMailService.Send(String subject, String body, String toAddress, String fromAddress, String fromName, String[] attachments, SMTPConnectionInfo info)
   at WIT.Common.AutomaticMailer.AutomaticMailSender.<>c__DisplayClass3.<QueueMail>b__2(Object ) in P:\WIT-Commons\WitCommon\WIT.Common.AutomaticMailer\src\WIT.Common.AutomaticMailer\AutomaticMailSender.cs:line 72
2010-07-12 16:43:05,724 [17] ERROR WIT.Common.AutomaticMailerLog N°: 40000
	Message: Error sending mail: Could not send SMTP message
	Exception: Could not send SMTP message
	Stack Trace:    at WIT.Common.Mailer.SMTPMailService.Send(String subject, String body, String toAddress, String fromAddress, String fromName, String[] attachments, SMTPConnectionInfo info)
   at WIT.Common.AutomaticMailer.AutomaticMailSender.<>c__DisplayClass3.<QueueMail>b__2(Object ) in P:\WIT-Commons\WitCommon\WIT.Common.AutomaticMailer\src\WIT.Common.AutomaticMailer\AutomaticMailSender.cs:line 72
2010-07-12 16:46:20,161 [5] INFO  WIT.Common.AutomaticMailerLog Starting the automatic mailer...
2010-07-12 16:46:20,395 [5] INFO  WIT.Common.AutomaticMailerLog Schedulable mailers loaded: 1
2010-07-12 16:46:20,395 [5] INFO  WIT.Common.AutomaticMailerLog Running the WWC-ExpiredSubscriptions mailer
2010-07-12 16:46:26,474 [5] INFO  WIT.Common.AutomaticMailerLog Trying to send 10 mails
2010-07-12 16:46:26,567 [4] INFO  WIT.Common.AutomaticMailerLog Trying to send mail 
To: hnobile+notificationreciever@wormholeit.com From: WormholeWebConference@wormholeit.com Host: 192.168.1.8
2010-07-12 16:46:27,505 [9] INFO  WIT.Common.AutomaticMailerLog Trying to send mail 
To: hnobile+1@wormholeit.com From: WormholeWebConference@wormholeit.com Host: 192.168.1.8
2010-07-12 16:46:28,005 [10] INFO  WIT.Common.AutomaticMailerLog Trying to send mail 
To: hnobile+notificationreciever@wormholeit.com From: WormholeWebConference@wormholeit.com Host: 192.168.1.8
2010-07-12 16:46:28,505 [11] INFO  WIT.Common.AutomaticMailerLog Trying to send mail 
To: hnobile+2@wormholeit.com From: WormholeWebConference@wormholeit.com Host: 192.168.1.8
2010-07-12 16:46:29,005 [12] INFO  WIT.Common.AutomaticMailerLog Trying to send mail 
To: hnobile+notificationreciever@wormholeit.com From: WormholeWebConference@wormholeit.com Host: 192.168.1.8
2010-07-12 16:46:29,520 [13] INFO  WIT.Common.AutomaticMailerLog Trying to send mail 
To: hnobile+3@wormholeit.com From: WormholeWebConference@wormholeit.com Host: 192.168.1.8
2010-07-12 16:46:30,020 [14] INFO  WIT.Common.AutomaticMailerLog Trying to send mail 
To: hnobile+notificationreciever@wormholeit.com From: WormholeWebConference@wormholeit.com Host: 192.168.1.8
2010-07-12 16:46:30,552 [15] INFO  WIT.Common.AutomaticMailerLog Trying to send mail 
To: hnobile+4@wormholeit.com From: WormholeWebConference@wormholeit.com Host: 192.168.1.8
2010-07-12 16:46:31,052 [16] INFO  WIT.Common.AutomaticMailerLog Trying to send mail 
To: hnobile+notificationreciever@wormholeit.com From: WormholeWebConference@wormholeit.com Host: 192.168.1.8
2010-07-12 16:46:32,067 [17] INFO  WIT.Common.AutomaticMailerLog Trying to send mail 
To: hnobile+5@wormholeit.com From: WormholeWebConference@wormholeit.com Host: 192.168.1.8
2010-07-12 16:46:48,083 [4] ERROR WIT.Common.AutomaticMailerLog N°: 77500
	Message: Error sending mail: Could not send SMTP message
	Exception: Could not send SMTP message
	Stack Trace:    at WIT.Common.Mailer.SMTPMailService.Send(String subject, String body, String toAddress, String fromAddress, String fromName, String[] attachments, SMTPConnectionInfo info)
   at WIT.Common.AutomaticMailer.AutomaticMailSender.<>c__DisplayClass3.<QueueMail>b__2(Object ) in P:\WIT-Commons\WitCommon\WIT.Common.AutomaticMailer\src\WIT.Common.AutomaticMailer\AutomaticMailSender.cs:line 72
2010-07-12 16:46:48,442 [9] ERROR WIT.Common.AutomaticMailerLog N°: 27500
	Message: Error sending mail: Could not send SMTP message
	Exception: Could not send SMTP message
	Stack Trace:    at WIT.Common.Mailer.SMTPMailService.Send(String subject, String body, String toAddress, String fromAddress, String fromName, String[] attachments, SMTPConnectionInfo info)
   at WIT.Common.AutomaticMailer.AutomaticMailSender.<>c__DisplayClass3.<QueueMail>b__2(Object ) in P:\WIT-Commons\WitCommon\WIT.Common.AutomaticMailer\src\WIT.Common.AutomaticMailer\AutomaticMailSender.cs:line 72
2010-07-12 16:47:09,067 [10] ERROR WIT.Common.AutomaticMailerLog N°: 77500
	Message: Error sending mail: Could not send SMTP message
	Exception: Could not send SMTP message
	Stack Trace:    at WIT.Common.Mailer.SMTPMailService.Send(String subject, String body, String toAddress, String fromAddress, String fromName, String[] attachments, SMTPConnectionInfo info)
   at WIT.Common.AutomaticMailer.AutomaticMailSender.<>c__DisplayClass3.<QueueMail>b__2(Object ) in P:\WIT-Commons\WitCommon\WIT.Common.AutomaticMailer\src\WIT.Common.AutomaticMailer\AutomaticMailSender.cs:line 72
2010-07-12 16:47:09,458 [11] ERROR WIT.Common.AutomaticMailerLog N°: 83750
	Message: Error sending mail: Could not send SMTP message
	Exception: Could not send SMTP message
	Stack Trace:    at WIT.Common.Mailer.SMTPMailService.Send(String subject, String body, String toAddress, String fromAddress, String fromName, String[] attachments, SMTPConnectionInfo info)
   at WIT.Common.AutomaticMailer.AutomaticMailSender.<>c__DisplayClass3.<QueueMail>b__2(Object ) in P:\WIT-Commons\WitCommon\WIT.Common.AutomaticMailer\src\WIT.Common.AutomaticMailer\AutomaticMailSender.cs:line 72
2010-07-12 16:47:29,989 [12] ERROR WIT.Common.AutomaticMailerLog N°: 96250
	Message: Error sending mail: Could not send SMTP message
	Exception: Could not send SMTP message
	Stack Trace:    at WIT.Common.Mailer.SMTPMailService.Send(String subject, String body, String toAddress, String fromAddress, String fromName, String[] attachments, SMTPConnectionInfo info)
   at WIT.Common.AutomaticMailer.AutomaticMailSender.<>c__DisplayClass3.<QueueMail>b__2(Object ) in P:\WIT-Commons\WitCommon\WIT.Common.AutomaticMailer\src\WIT.Common.AutomaticMailer\AutomaticMailSender.cs:line 72
2010-07-12 16:47:30,395 [13] ERROR WIT.Common.AutomaticMailerLog N°: 02500
	Message: Error sending mail: Could not send SMTP message
	Exception: Could not send SMTP message
	Stack Trace:    at WIT.Common.Mailer.SMTPMailService.Send(String subject, String body, String toAddress, String fromAddress, String fromName, String[] attachments, SMTPConnectionInfo info)
   at WIT.Common.AutomaticMailer.AutomaticMailSender.<>c__DisplayClass3.<QueueMail>b__2(Object ) in P:\WIT-Commons\WitCommon\WIT.Common.AutomaticMailer\src\WIT.Common.AutomaticMailer\AutomaticMailSender.cs:line 72
2010-07-12 16:47:51,005 [14] ERROR WIT.Common.AutomaticMailerLog N°: 52500
	Message: Error sending mail: Could not send SMTP message
	Exception: Could not send SMTP message
	Stack Trace:    at WIT.Common.Mailer.SMTPMailService.Send(String subject, String body, String toAddress, String fromAddress, String fromName, String[] attachments, SMTPConnectionInfo info)
   at WIT.Common.AutomaticMailer.AutomaticMailSender.<>c__DisplayClass3.<QueueMail>b__2(Object ) in P:\WIT-Commons\WitCommon\WIT.Common.AutomaticMailer\src\WIT.Common.AutomaticMailer\AutomaticMailSender.cs:line 72
2010-07-12 16:47:51,411 [15] ERROR WIT.Common.AutomaticMailerLog N°: 15000
	Message: Error sending mail: Could not send SMTP message
	Exception: Could not send SMTP message
	Stack Trace:    at WIT.Common.Mailer.SMTPMailService.Send(String subject, String body, String toAddress, String fromAddress, String fromName, String[] attachments, SMTPConnectionInfo info)
   at WIT.Common.AutomaticMailer.AutomaticMailSender.<>c__DisplayClass3.<QueueMail>b__2(Object ) in P:\WIT-Commons\WitCommon\WIT.Common.AutomaticMailer\src\WIT.Common.AutomaticMailer\AutomaticMailSender.cs:line 72
2010-07-12 16:48:12,036 [16] ERROR WIT.Common.AutomaticMailerLog N°: 65000
	Message: Error sending mail: Could not send SMTP message
	Exception: Could not send SMTP message
	Stack Trace:    at WIT.Common.Mailer.SMTPMailService.Send(String subject, String body, String toAddress, String fromAddress, String fromName, String[] attachments, SMTPConnectionInfo info)
   at WIT.Common.AutomaticMailer.AutomaticMailSender.<>c__DisplayClass3.<QueueMail>b__2(Object ) in P:\WIT-Commons\WitCommon\WIT.Common.AutomaticMailer\src\WIT.Common.AutomaticMailer\AutomaticMailSender.cs:line 72
2010-07-12 16:48:12,427 [17] ERROR WIT.Common.AutomaticMailerLog N°: 71250
	Message: Error sending mail: Could not send SMTP message
	Exception: Could not send SMTP message
	Stack Trace:    at WIT.Common.Mailer.SMTPMailService.Send(String subject, String body, String toAddress, String fromAddress, String fromName, String[] attachments, SMTPConnectionInfo info)
   at WIT.Common.AutomaticMailer.AutomaticMailSender.<>c__DisplayClass3.<QueueMail>b__2(Object ) in P:\WIT-Commons\WitCommon\WIT.Common.AutomaticMailer\src\WIT.Common.AutomaticMailer\AutomaticMailSender.cs:line 72
2010-07-12 16:49:18,161 [5] INFO  WIT.Common.AutomaticMailerLog Starting the automatic mailer...
2010-07-12 16:49:18,255 [5] INFO  WIT.Common.AutomaticMailerLog Schedulable mailers loaded: 1
2010-07-12 16:50:19,270 [5] INFO  WIT.Common.AutomaticMailerLog Starting the automatic mailer...
2010-07-12 16:50:19,380 [5] INFO  WIT.Common.AutomaticMailerLog Schedulable mailers loaded: 1
2010-07-12 16:51:20,099 [5] INFO  WIT.Common.AutomaticMailerLog Starting the automatic mailer...
2010-07-12 16:51:20,239 [5] INFO  WIT.Common.AutomaticMailerLog Schedulable mailers loaded: 1
2010-07-12 16:51:20,239 [5] INFO  WIT.Common.AutomaticMailerLog Running the WWC-ExpiredSubscriptions mailer
2010-07-12 16:51:26,380 [5] INFO  WIT.Common.AutomaticMailerLog Trying to send 10 mails
2010-07-12 16:51:26,411 [14] INFO  WIT.Common.AutomaticMailerLog Trying to send mail 
To: hnobile+notificationreciever@wormholeit.com From: WormholeWebConference@wormholeit.com Host: 192.168.1.8
2010-07-12 16:51:27,177 [8] INFO  WIT.Common.AutomaticMailerLog Trying to send mail 
To: hnobile+1@wormholeit.com From: WormholeWebConference@wormholeit.com Host: 192.168.1.8
2010-07-12 16:51:27,677 [15] INFO  WIT.Common.AutomaticMailerLog Trying to send mail 
To: hnobile+notificationreciever@wormholeit.com From: WormholeWebConference@wormholeit.com Host: 192.168.1.8
2010-07-12 16:51:28,177 [13] INFO  WIT.Common.AutomaticMailerLog Trying to send mail 
To: hnobile+2@wormholeit.com From: WormholeWebConference@wormholeit.com Host: 192.168.1.8
2010-07-12 16:51:28,677 [12] INFO  WIT.Common.AutomaticMailerLog Trying to send mail 
To: hnobile+notificationreciever@wormholeit.com From: WormholeWebConference@wormholeit.com Host: 192.168.1.8
2010-07-12 16:51:29,177 [11] INFO  WIT.Common.AutomaticMailerLog Trying to send mail 
To: hnobile+3@wormholeit.com From: WormholeWebConference@wormholeit.com Host: 192.168.1.8
2010-07-12 16:51:29,677 [10] INFO  WIT.Common.AutomaticMailerLog Trying to send mail 
To: hnobile+notificationreciever@wormholeit.com From: WormholeWebConference@wormholeit.com Host: 192.168.1.8
2010-07-12 16:51:30,177 [9] INFO  WIT.Common.AutomaticMailerLog Trying to send mail 
To: hnobile+4@wormholeit.com From: WormholeWebConference@wormholeit.com Host: 192.168.1.8
2010-07-12 16:51:30,677 [17] INFO  WIT.Common.AutomaticMailerLog Trying to send mail 
To: hnobile+notificationreciever@wormholeit.com From: WormholeWebConference@wormholeit.com Host: 192.168.1.8
2010-07-12 16:51:31,677 [18] INFO  WIT.Common.AutomaticMailerLog Trying to send mail 
To: hnobile+5@wormholeit.com From: WormholeWebConference@wormholeit.com Host: 192.168.1.8
2010-07-12 16:51:47,911 [14] ERROR WIT.Common.AutomaticMailerLog N°: 15000
	Message: Error sending mail: Could not send SMTP message
	Exception: Could not send SMTP message
	Stack Trace:    at WIT.Common.Mailer.SMTPMailService.Send(String subject, String body, String toAddress, String fromAddress, String fromName, String[] attachments, SMTPConnectionInfo info)
   at WIT.Common.AutomaticMailer.AutomaticMailSender.<>c__DisplayClass3.<QueueMail>b__2(Object ) in P:\WIT-Commons\WitCommon\WIT.Common.AutomaticMailer\src\WIT.Common.AutomaticMailer\AutomaticMailSender.cs:line 72
2010-07-12 16:51:48,083 [8] ERROR WIT.Common.AutomaticMailerLog N°: 33750
	Message: Error sending mail: Could not send SMTP message
	Exception: Could not send SMTP message
	Stack Trace:    at WIT.Common.Mailer.SMTPMailService.Send(String subject, String body, String toAddress, String fromAddress, String fromName, String[] attachments, SMTPConnectionInfo info)
   at WIT.Common.AutomaticMailer.AutomaticMailSender.<>c__DisplayClass3.<QueueMail>b__2(Object ) in P:\WIT-Commons\WitCommon\WIT.Common.AutomaticMailer\src\WIT.Common.AutomaticMailer\AutomaticMailSender.cs:line 72
2010-07-12 16:52:08,911 [15] ERROR WIT.Common.AutomaticMailerLog N°: 15000
	Message: Error sending mail: Could not send SMTP message
	Exception: Could not send SMTP message
	Stack Trace:    at WIT.Common.Mailer.SMTPMailService.Send(String subject, String body, String toAddress, String fromAddress, String fromName, String[] attachments, SMTPConnectionInfo info)
   at WIT.Common.AutomaticMailer.AutomaticMailSender.<>c__DisplayClass3.<QueueMail>b__2(Object ) in P:\WIT-Commons\WitCommon\WIT.Common.AutomaticMailer\src\WIT.Common.AutomaticMailer\AutomaticMailSender.cs:line 72
2010-07-12 16:52:09,114 [13] ERROR WIT.Common.AutomaticMailerLog N°: 46250
	Message: Error sending mail: Could not send SMTP message
	Exception: Could not send SMTP message
	Stack Trace:    at WIT.Common.Mailer.SMTPMailService.Send(String subject, String body, String toAddress, String fromAddress, String fromName, String[] attachments, SMTPConnectionInfo info)
   at WIT.Common.AutomaticMailer.AutomaticMailSender.<>c__DisplayClass3.<QueueMail>b__2(Object ) in P:\WIT-Commons\WitCommon\WIT.Common.AutomaticMailer\src\WIT.Common.AutomaticMailer\AutomaticMailSender.cs:line 72
2010-07-12 16:52:29,927 [12] ERROR WIT.Common.AutomaticMailerLog N°: 71250
	Message: Error sending mail: Could not send SMTP message
	Exception: Could not send SMTP message
	Stack Trace:    at WIT.Common.Mailer.SMTPMailService.Send(String subject, String body, String toAddress, String fromAddress, String fromName, String[] attachments, SMTPConnectionInfo info)
   at WIT.Common.AutomaticMailer.AutomaticMailSender.<>c__DisplayClass3.<QueueMail>b__2(Object ) in P:\WIT-Commons\WitCommon\WIT.Common.AutomaticMailer\src\WIT.Common.AutomaticMailer\AutomaticMailSender.cs:line 72
2010-07-12 16:52:30,130 [11] ERROR WIT.Common.AutomaticMailerLog N°: 02500
	Message: Error sending mail: Could not send SMTP message
	Exception: Could not send SMTP message
	Stack Trace:    at WIT.Common.Mailer.SMTPMailService.Send(String subject, String body, String toAddress, String fromAddress, String fromName, String[] attachments, SMTPConnectionInfo info)
   at WIT.Common.AutomaticMailer.AutomaticMailSender.<>c__DisplayClass3.<QueueMail>b__2(Object ) in P:\WIT-Commons\WitCommon\WIT.Common.AutomaticMailer\src\WIT.Common.AutomaticMailer\AutomaticMailSender.cs:line 72
2010-07-12 16:52:50,958 [10] ERROR WIT.Common.AutomaticMailerLog N°: 83750
	Message: Error sending mail: Could not send SMTP message
	Exception: Could not send SMTP message
	Stack Trace:    at WIT.Common.Mailer.SMTPMailService.Send(String subject, String body, String toAddress, String fromAddress, String fromName, String[] attachments, SMTPConnectionInfo info)
   at WIT.Common.AutomaticMailer.AutomaticMailSender.<>c__DisplayClass3.<QueueMail>b__2(Object ) in P:\WIT-Commons\WitCommon\WIT.Common.AutomaticMailer\src\WIT.Common.AutomaticMailer\AutomaticMailSender.cs:line 72
2010-07-12 16:52:51,161 [9] ERROR WIT.Common.AutomaticMailerLog N°: 15000
	Message: Error sending mail: Could not send SMTP message
	Exception: Could not send SMTP message
	Stack Trace:    at WIT.Common.Mailer.SMTPMailService.Send(String subject, String body, String toAddress, String fromAddress, String fromName, String[] attachments, SMTPConnectionInfo info)
   at WIT.Common.AutomaticMailer.AutomaticMailSender.<>c__DisplayClass3.<QueueMail>b__2(Object ) in P:\WIT-Commons\WitCommon\WIT.Common.AutomaticMailer\src\WIT.Common.AutomaticMailer\AutomaticMailSender.cs:line 72
2010-07-12 16:53:11,974 [17] ERROR WIT.Common.AutomaticMailerLog N°: 40000
	Message: Error sending mail: Could not send SMTP message
	Exception: Could not send SMTP message
	Stack Trace:    at WIT.Common.Mailer.SMTPMailService.Send(String subject, String body, String toAddress, String fromAddress, String fromName, String[] attachments, SMTPConnectionInfo info)
   at WIT.Common.AutomaticMailer.AutomaticMailSender.<>c__DisplayClass3.<QueueMail>b__2(Object ) in P:\WIT-Commons\WitCommon\WIT.Common.AutomaticMailer\src\WIT.Common.AutomaticMailer\AutomaticMailSender.cs:line 72
2010-07-12 16:53:12,083 [18] ERROR WIT.Common.AutomaticMailerLog N°: 33750
	Message: Error sending mail: Could not send SMTP message
	Exception: Could not send SMTP message
	Stack Trace:    at WIT.Common.Mailer.SMTPMailService.Send(String subject, String body, String toAddress, String fromAddress, String fromName, String[] attachments, SMTPConnectionInfo info)
   at WIT.Common.AutomaticMailer.AutomaticMailSender.<>c__DisplayClass3.<QueueMail>b__2(Object ) in P:\WIT-Commons\WitCommon\WIT.Common.AutomaticMailer\src\WIT.Common.AutomaticMailer\AutomaticMailSender.cs:line 72
2010-07-12 16:54:18,083 [5] INFO  WIT.Common.AutomaticMailerLog Starting the automatic mailer...
2010-07-12 16:54:18,208 [5] INFO  WIT.Common.AutomaticMailerLog Schedulable mailers loaded: 1
2010-07-12 16:59:26,677 [5] INFO  WIT.Common.AutomaticMailerLog Starting the automatic mailer...
2010-07-12 16:59:26,817 [5] INFO  WIT.Common.AutomaticMailerLog Schedulable mailers loaded: 1
2010-07-12 16:59:26,817 [5] INFO  WIT.Common.AutomaticMailerLog Running the WWC-ExpiredSubscriptions mailer
2010-07-12 16:59:34,536 [5] INFO  WIT.Common.AutomaticMailerLog Trying to send 10 mails
2010-07-12 16:59:34,552 [4] INFO  WIT.Common.AutomaticMailerLog Trying to send mail 
To: hnobile+notificationreciever@wormholeit.com From: WormholeWebConference@wormholeit.com Host: 192.168.1.8
2010-07-12 16:59:35,989 [9] INFO  WIT.Common.AutomaticMailerLog Trying to send mail 
To: hnobile+1@wormholeit.com From: WormholeWebConference@wormholeit.com Host: 192.168.1.8
2010-07-12 16:59:36,489 [10] INFO  WIT.Common.AutomaticMailerLog Trying to send mail 
To: hnobile+notificationreciever@wormholeit.com From: WormholeWebConference@wormholeit.com Host: 192.168.1.8
2010-07-12 16:59:36,989 [11] INFO  WIT.Common.AutomaticMailerLog Trying to send mail 
To: hnobile+2@wormholeit.com From: WormholeWebConference@wormholeit.com Host: 192.168.1.8
2010-07-12 16:59:37,489 [12] INFO  WIT.Common.AutomaticMailerLog Trying to send mail 
To: hnobile+notificationreciever@wormholeit.com From: WormholeWebConference@wormholeit.com Host: 192.168.1.8
2010-07-12 16:59:37,989 [13] INFO  WIT.Common.AutomaticMailerLog Trying to send mail 
To: hnobile+3@wormholeit.com From: WormholeWebConference@wormholeit.com Host: 192.168.1.8
2010-07-12 16:59:38,489 [14] INFO  WIT.Common.AutomaticMailerLog Trying to send mail 
To: hnobile+notificationreciever@wormholeit.com From: WormholeWebConference@wormholeit.com Host: 192.168.1.8
2010-07-12 16:59:38,989 [15] INFO  WIT.Common.AutomaticMailerLog Trying to send mail 
To: hnobile+4@wormholeit.com From: WormholeWebConference@wormholeit.com Host: 192.168.1.8
2010-07-12 16:59:39,489 [16] INFO  WIT.Common.AutomaticMailerLog Trying to send mail 
To: hnobile+notificationreciever@wormholeit.com From: WormholeWebConference@wormholeit.com Host: 192.168.1.8
2010-07-12 16:59:40,489 [17] INFO  WIT.Common.AutomaticMailerLog Trying to send mail 
To: hnobile+5@wormholeit.com From: WormholeWebConference@wormholeit.com Host: 192.168.1.8
2010-07-12 16:59:56,099 [4] ERROR WIT.Common.AutomaticMailerLog N°: 33750
	Message: Error sending mail: Could not send SMTP message
	Exception: Could not send SMTP message
	Stack Trace:    at WIT.Common.Mailer.SMTPMailService.Send(String subject, String body, String toAddress, String fromAddress, String fromName, String[] attachments, SMTPConnectionInfo info)
   at WIT.Common.AutomaticMailer.AutomaticMailSender.<>c__DisplayClass3.<QueueMail>b__2(Object ) in P:\WIT-Commons\WitCommon\WIT.Common.AutomaticMailer\src\WIT.Common.AutomaticMailer\AutomaticMailSender.cs:line 72
2010-07-12 16:59:56,958 [9] ERROR WIT.Common.AutomaticMailerLog N°: 27500
	Message: Error sending mail: Could not send SMTP message
	Exception: Could not send SMTP message
	Stack Trace:    at WIT.Common.Mailer.SMTPMailService.Send(String subject, String body, String toAddress, String fromAddress, String fromName, String[] attachments, SMTPConnectionInfo info)
   at WIT.Common.AutomaticMailer.AutomaticMailSender.<>c__DisplayClass3.<QueueMail>b__2(Object ) in P:\WIT-Commons\WitCommon\WIT.Common.AutomaticMailer\src\WIT.Common.AutomaticMailer\AutomaticMailSender.cs:line 72
2010-07-12 18:22:52,036 [11] ERROR WIT.Common.AutomaticMailerLog N°: 65000
	Message: Error sending mail: Could not send SMTP message
	Exception: Could not send SMTP message
	Stack Trace:    at WIT.Common.Mailer.SMTPMailService.Send(String subject, String body, String toAddress, String fromAddress, String fromName, String[] attachments, SMTPConnectionInfo info)
   at WIT.Common.AutomaticMailer.AutomaticMailSender.<>c__DisplayClass3.<QueueMail>b__2(Object ) in P:\WIT-Commons\WitCommon\WIT.Common.AutomaticMailer\src\WIT.Common.AutomaticMailer\AutomaticMailSender.cs:line 72
2010-07-12 18:22:52,036 [12] ERROR WIT.Common.AutomaticMailerLog N°: 65000
	Message: Error sending mail: Could not send SMTP message
	Exception: Could not send SMTP message
	Stack Trace:    at WIT.Common.Mailer.SMTPMailService.Send(String subject, String body, String toAddress, String fromAddress, String fromName, String[] attachments, SMTPConnectionInfo info)
   at WIT.Common.AutomaticMailer.AutomaticMailSender.<>c__DisplayClass3.<QueueMail>b__2(Object ) in P:\WIT-Commons\WitCommon\WIT.Common.AutomaticMailer\src\WIT.Common.AutomaticMailer\AutomaticMailSender.cs:line 72
2010-07-12 18:22:52,333 [10] ERROR WIT.Common.AutomaticMailerLog N°: 33750
	Message: Error sending mail: Could not send SMTP message
	Exception: Could not send SMTP message
	Stack Trace:    at WIT.Common.Mailer.SMTPMailService.Send(String subject, String body, String toAddress, String fromAddress, String fromName, String[] attachments, SMTPConnectionInfo info)
   at WIT.Common.AutomaticMailer.AutomaticMailSender.<>c__DisplayClass3.<QueueMail>b__2(Object ) in P:\WIT-Commons\WitCommon\WIT.Common.AutomaticMailer\src\WIT.Common.AutomaticMailer\AutomaticMailSender.cs:line 72
2010-07-12 18:22:52,349 [13] ERROR WIT.Common.AutomaticMailerLog N°: 90000
	Message: Error sending mail: Could not send SMTP message
	Exception: Could not send SMTP message
	Stack Trace:    at WIT.Common.Mailer.SMTPMailService.Send(String subject, String body, String toAddress, String fromAddress, String fromName, String[] attachments, SMTPConnectionInfo info)
   at WIT.Common.AutomaticMailer.AutomaticMailSender.<>c__DisplayClass3.<QueueMail>b__2(Object ) in P:\WIT-Commons\WitCommon\WIT.Common.AutomaticMailer\src\WIT.Common.AutomaticMailer\AutomaticMailSender.cs:line 72
2010-07-12 18:22:52,349 [14] ERROR WIT.Common.AutomaticMailerLog N°: 90000
	Message: Error sending mail: Could not send SMTP message
	Exception: Could not send SMTP message
	Stack Trace:    at WIT.Common.Mailer.SMTPMailService.Send(String subject, String body, String toAddress, String fromAddress, String fromName, String[] attachments, SMTPConnectionInfo info)
   at WIT.Common.AutomaticMailer.AutomaticMailSender.<>c__DisplayClass3.<QueueMail>b__2(Object ) in P:\WIT-Commons\WitCommon\WIT.Common.AutomaticMailer\src\WIT.Common.AutomaticMailer\AutomaticMailSender.cs:line 72
2010-07-12 18:22:52,349 [15] ERROR WIT.Common.AutomaticMailerLog N°: 90000
	Message: Error sending mail: Could not send SMTP message
	Exception: Could not send SMTP message
	Stack Trace:    at WIT.Common.Mailer.SMTPMailService.Send(String subject, String body, String toAddress, String fromAddress, String fromName, String[] attachments, SMTPConnectionInfo info)
   at WIT.Common.AutomaticMailer.AutomaticMailSender.<>c__DisplayClass3.<QueueMail>b__2(Object ) in P:\WIT-Commons\WitCommon\WIT.Common.AutomaticMailer\src\WIT.Common.AutomaticMailer\AutomaticMailSender.cs:line 72
2010-07-12 18:22:52,349 [16] ERROR WIT.Common.AutomaticMailerLog N°: 90000
	Message: Error sending mail: Could not send SMTP message
	Exception: Could not send SMTP message
	Stack Trace:    at WIT.Common.Mailer.SMTPMailService.Send(String subject, String body, String toAddress, String fromAddress, String fromName, String[] attachments, SMTPConnectionInfo info)
   at WIT.Common.AutomaticMailer.AutomaticMailSender.<>c__DisplayClass3.<QueueMail>b__2(Object ) in P:\WIT-Commons\WitCommon\WIT.Common.AutomaticMailer\src\WIT.Common.AutomaticMailer\AutomaticMailSender.cs:line 72
2010-07-12 18:22:52,349 [17] ERROR WIT.Common.AutomaticMailerLog N°: 90000
	Message: Error sending mail: Could not send SMTP message
	Exception: Could not send SMTP message
	Stack Trace:    at WIT.Common.Mailer.SMTPMailService.Send(String subject, String body, String toAddress, String fromAddress, String fromName, String[] attachments, SMTPConnectionInfo info)
   at WIT.Common.AutomaticMailer.AutomaticMailSender.<>c__DisplayClass3.<QueueMail>b__2(Object ) in P:\WIT-Commons\WitCommon\WIT.Common.AutomaticMailer\src\WIT.Common.AutomaticMailer\AutomaticMailSender.cs:line 72
2010-07-13 10:06:22,643 [5] INFO  WIT.Common.AutomaticMailerLog Starting the automatic mailer...
2010-07-13 10:06:23,299 [5] INFO  WIT.Common.AutomaticMailerLog Schedulable mailers loaded: 1
2010-07-13 10:06:23,330 [5] INFO  WIT.Common.AutomaticMailerLog Running the WWC-ExpiredSubscriptions mailer
2010-07-13 10:07:12,580 [5] INFO  WIT.Common.AutomaticMailerLog Trying to send 10 mails
2010-07-13 10:07:12,846 [4] INFO  WIT.Common.AutomaticMailerLog Trying to send mail 
To: hnobile+notificationreciever@wormholeit.com From: WormholeWebConference@wormholeit.com Host: 192.168.1.8
2010-07-13 10:07:12,909 [8] INFO  WIT.Common.AutomaticMailerLog Trying to send mail 
To: hnobile+0@wormholeit.com From: WormholeWebConference@wormholeit.com Host: 192.168.1.8
2010-07-13 10:07:13,393 [9] INFO  WIT.Common.AutomaticMailerLog Trying to send mail 
To: hnobile+notificationreciever@wormholeit.com From: WormholeWebConference@wormholeit.com Host: 192.168.1.8
2010-07-13 10:07:13,893 [10] INFO  WIT.Common.AutomaticMailerLog Trying to send mail 
To: hnobile+1@wormholeit.com From: WormholeWebConference@wormholeit.com Host: 192.168.1.8
2010-07-13 10:07:14,393 [11] INFO  WIT.Common.AutomaticMailerLog Trying to send mail 
To: hnobile+notificationreciever@wormholeit.com From: WormholeWebConference@wormholeit.com Host: 192.168.1.8
2010-07-13 10:07:14,784 [4] INFO  WIT.Common.AutomaticMailerLog Trying to send mail 
To: hnobile+2@wormholeit.com From: WormholeWebConference@wormholeit.com Host: 192.168.1.8
2010-07-13 10:07:14,877 [8] INFO  WIT.Common.AutomaticMailerLog Trying to send mail 
To: hnobile+notificationreciever@wormholeit.com From: WormholeWebConference@wormholeit.com Host: 192.168.1.8
2010-07-13 10:07:14,893 [13] INFO  WIT.Common.AutomaticMailerLog Trying to send mail 
To: hnobile+3@wormholeit.com From: WormholeWebConference@wormholeit.com Host: 192.168.1.8
2010-07-13 10:07:14,940 [4] INFO  WIT.Common.AutomaticMailerLog Trying to send mail 
To: hnobile+notificationreciever@wormholeit.com From: WormholeWebConference@wormholeit.com Host: 192.168.1.8
2010-07-13 10:07:15,018 [8] INFO  WIT.Common.AutomaticMailerLog Trying to send mail 
To: hnobile+4@wormholeit.com From: WormholeWebConference@wormholeit.com Host: 192.168.1.8
2010-07-13 10:08:23,315 [5] INFO  WIT.Common.AutomaticMailerLog Starting the automatic mailer...
2010-07-13 10:08:23,424 [5] INFO  WIT.Common.AutomaticMailerLog Schedulable mailers loaded: 1
